{"/Users/nschweikhart/Desktop/SWENG861-Project/sweng861-ncaab-tenable/backend/server.js": {"path":"/Users/nschweikhart/Desktop/SWENG861-Project/sweng861-ncaab-tenable/backend/server.js","statementMap":{"0":{"start":{"line":3,"column":16},"end":{"line":3,"column":34}},"1":{"start":{"line":4,"column":13},"end":{"line":4,"column":28}},"2":{"start":{"line":5,"column":15},"end":{"line":5,"column":32}},"3":{"start":{"line":6,"column":20},"end":{"line":6,"column":45}},"4":{"start":{"line":7,"column":20},"end":{"line":7,"column":45}},"5":{"start":{"line":8,"column":20},"end":{"line":8,"column":45}},"6":{"start":{"line":10,"column":0},"end":{"line":10,"column":16}},"7":{"start":{"line":12,"column":12},"end":{"line":12,"column":21}},"8":{"start":{"line":13,"column":0},"end":{"line":13,"column":16}},"9":{"start":{"line":14,"column":0},"end":{"line":14,"column":24}},"10":{"start":{"line":16,"column":0},"end":{"line":16,"column":26}},"11":{"start":{"line":17,"column":0},"end":{"line":17,"column":26}},"12":{"start":{"line":18,"column":0},"end":{"line":18,"column":26}},"13":{"start":{"line":20,"column":13},"end":{"line":20,"column":37}},"14":{"start":{"line":22,"column":0},"end":{"line":26,"column":1}},"15":{"start":{"line":23,"column":4},"end":{"line":25,"column":7}},"16":{"start":{"line":24,"column":6},"end":{"line":24,"column":65}},"17":{"start":{"line":29,"column":0},"end":{"line":29,"column":21}}},"fnMap":{"0":{"name":"(anonymous_0)","decl":{"start":{"line":23,"column":21},"end":{"line":23,"column":22}},"loc":{"start":{"line":23,"column":27},"end":{"line":25,"column":5}},"line":23}},"branchMap":{"0":{"loc":{"start":{"line":20,"column":13},"end":{"line":20,"column":37}},"type":"binary-expr","locations":[{"start":{"line":20,"column":13},"end":{"line":20,"column":29}},{"start":{"line":20,"column":33},"end":{"line":20,"column":37}}],"line":20},"1":{"loc":{"start":{"line":22,"column":0},"end":{"line":26,"column":1}},"type":"if","locations":[{"start":{"line":22,"column":0},"end":{"line":26,"column":1}},{"start":{},"end":{}}],"line":22}},"s":{"0":3,"1":3,"2":3,"3":3,"4":3,"5":3,"6":3,"7":3,"8":3,"9":3,"10":3,"11":3,"12":3,"13":3,"14":3,"15":0,"16":0,"17":3},"f":{"0":0},"b":{"0":[3,3],"1":[0,3]},"_coverageSchema":"1a1c01bbd47fc00a2c39e90264f33305004495a9","hash":"de099ffc8991bf738dbbc170053ac596577dbc39"}
,"/Users/nschweikhart/Desktop/SWENG861-Project/sweng861-ncaab-tenable/backend/routes/games.js": {"path":"/Users/nschweikhart/Desktop/SWENG861-Project/sweng861-ncaab-tenable/backend/routes/games.js","statementMap":{"0":{"start":{"line":3,"column":16},"end":{"line":3,"column":34}},"1":{"start":{"line":4,"column":15},"end":{"line":4,"column":32}},"2":{"start":{"line":5,"column":12},"end":{"line":5,"column":35}},"3":{"start":{"line":6,"column":15},"end":{"line":6,"column":31}},"4":{"start":{"line":8,"column":13},"end":{"line":8,"column":39}},"5":{"start":{"line":10,"column":0},"end":{"line":13,"column":3}},"6":{"start":{"line":11,"column":4},"end":{"line":11,"column":53}},"7":{"start":{"line":15,"column":0},"end":{"line":41,"column":2}},"8":{"start":{"line":16,"column":20},"end":{"line":16,"column":36}},"9":{"start":{"line":17,"column":20},"end":{"line":17,"column":36}},"10":{"start":{"line":18,"column":24},"end":{"line":18,"column":44}},"11":{"start":{"line":19,"column":22},"end":{"line":19,"column":40}},"12":{"start":{"line":22,"column":18},"end":{"line":22,"column":81}},"13":{"start":{"line":24,"column":4},"end":{"line":40,"column":5}},"14":{"start":{"line":25,"column":23},"end":{"line":25,"column":66}},"15":{"start":{"line":27,"column":8},"end":{"line":36,"column":9}},"16":{"start":{"line":28,"column":29},"end":{"line":28,"column":46}},"17":{"start":{"line":29,"column":32},"end":{"line":29,"column":87}},"18":{"start":{"line":30,"column":12},"end":{"line":30,"column":67}},"19":{"start":{"line":31,"column":12},"end":{"line":31,"column":71}},"20":{"start":{"line":33,"column":32},"end":{"line":33,"column":124}},"21":{"start":{"line":34,"column":12},"end":{"line":34,"column":86}},"22":{"start":{"line":35,"column":12},"end":{"line":35,"column":69}},"23":{"start":{"line":38,"column":8},"end":{"line":38,"column":29}},"24":{"start":{"line":39,"column":8},"end":{"line":39,"column":72}},"25":{"start":{"line":43,"column":0},"end":{"line":69,"column":3}},"26":{"start":{"line":44,"column":18},"end":{"line":61,"column":74}},"27":{"start":{"line":62,"column":4},"end":{"line":68,"column":5}},"28":{"start":{"line":63,"column":23},"end":{"line":63,"column":46}},"29":{"start":{"line":64,"column":8},"end":{"line":64,"column":37}},"30":{"start":{"line":66,"column":8},"end":{"line":66,"column":29}},"31":{"start":{"line":67,"column":8},"end":{"line":67,"column":65}},"32":{"start":{"line":71,"column":0},"end":{"line":81,"column":2}},"33":{"start":{"line":72,"column":17},"end":{"line":72,"column":31}},"34":{"start":{"line":73,"column":18},"end":{"line":73,"column":72}},"35":{"start":{"line":74,"column":4},"end":{"line":80,"column":5}},"36":{"start":{"line":75,"column":23},"end":{"line":75,"column":54}},"37":{"start":{"line":76,"column":8},"end":{"line":76,"column":30}},"38":{"start":{"line":78,"column":8},"end":{"line":78,"column":26}},"39":{"start":{"line":79,"column":8},"end":{"line":79,"column":65}},"40":{"start":{"line":83,"column":0},"end":{"line":91,"column":2}},"41":{"start":{"line":84,"column":18},"end":{"line":84,"column":58}},"42":{"start":{"line":85,"column":4},"end":{"line":90,"column":5}},"43":{"start":{"line":86,"column":23},"end":{"line":86,"column":46}},"44":{"start":{"line":87,"column":8},"end":{"line":87,"column":33}},"45":{"start":{"line":89,"column":8},"end":{"line":89,"column":29}},"46":{"start":{"line":93,"column":0},"end":{"line":105,"column":2}},"47":{"start":{"line":94,"column":20},"end":{"line":94,"column":37}},"48":{"start":{"line":95,"column":19},"end":{"line":97,"column":85}},"49":{"start":{"line":99,"column":4},"end":{"line":104,"column":5}},"50":{"start":{"line":100,"column":23},"end":{"line":100,"column":57}},"51":{"start":{"line":101,"column":8},"end":{"line":101,"column":30}},"52":{"start":{"line":103,"column":8},"end":{"line":103,"column":29}},"53":{"start":{"line":107,"column":0},"end":{"line":119,"column":2}},"54":{"start":{"line":108,"column":20},"end":{"line":108,"column":37}},"55":{"start":{"line":109,"column":19},"end":{"line":111,"column":39}},"56":{"start":{"line":113,"column":4},"end":{"line":118,"column":5}},"57":{"start":{"line":114,"column":23},"end":{"line":114,"column":57}},"58":{"start":{"line":115,"column":8},"end":{"line":115,"column":30}},"59":{"start":{"line":117,"column":8},"end":{"line":117,"column":29}},"60":{"start":{"line":121,"column":0},"end":{"line":121,"column":24}}},"fnMap":{"0":{"name":"(anonymous_0)","decl":{"start":{"line":10,"column":17},"end":{"line":10,"column":18}},"loc":{"start":{"line":10,"column":34},"end":{"line":13,"column":1}},"line":10},"1":{"name":"(anonymous_1)","decl":{"start":{"line":15,"column":26},"end":{"line":15,"column":27}},"loc":{"start":{"line":15,"column":46},"end":{"line":41,"column":1}},"line":15},"2":{"name":"(anonymous_2)","decl":{"start":{"line":43,"column":26},"end":{"line":43,"column":27}},"loc":{"start":{"line":43,"column":46},"end":{"line":69,"column":1}},"line":43},"3":{"name":"(anonymous_3)","decl":{"start":{"line":71,"column":23},"end":{"line":71,"column":24}},"loc":{"start":{"line":71,"column":43},"end":{"line":81,"column":1}},"line":71},"4":{"name":"(anonymous_4)","decl":{"start":{"line":83,"column":26},"end":{"line":83,"column":27}},"loc":{"start":{"line":83,"column":46},"end":{"line":91,"column":1}},"line":83},"5":{"name":"(anonymous_5)","decl":{"start":{"line":93,"column":34},"end":{"line":93,"column":35}},"loc":{"start":{"line":93,"column":54},"end":{"line":105,"column":1}},"line":93},"6":{"name":"(anonymous_6)","decl":{"start":{"line":107,"column":28},"end":{"line":107,"column":29}},"loc":{"start":{"line":107,"column":48},"end":{"line":119,"column":1}},"line":107}},"branchMap":{"0":{"loc":{"start":{"line":27,"column":8},"end":{"line":36,"column":9}},"type":"if","locations":[{"start":{"line":27,"column":8},"end":{"line":36,"column":9}},{"start":{"line":32,"column":15},"end":{"line":36,"column":9}}],"line":27}},"s":{"0":3,"1":3,"2":3,"3":3,"4":3,"5":3,"6":0,"7":3,"8":2,"9":2,"10":2,"11":2,"12":2,"13":2,"14":2,"15":2,"16":1,"17":1,"18":1,"19":1,"20":1,"21":1,"22":1,"23":0,"24":0,"25":3,"26":1,"27":1,"28":1,"29":1,"30":0,"31":0,"32":3,"33":1,"34":1,"35":1,"36":1,"37":1,"38":0,"39":0,"40":3,"41":1,"42":1,"43":1,"44":1,"45":0,"46":3,"47":1,"48":1,"49":1,"50":1,"51":1,"52":0,"53":3,"54":1,"55":1,"56":1,"57":1,"58":1,"59":0,"60":3},"f":{"0":0,"1":2,"2":1,"3":1,"4":1,"5":1,"6":1},"b":{"0":[1,1]},"_coverageSchema":"1a1c01bbd47fc00a2c39e90264f33305004495a9","hash":"47a28d6be27ce2f11095e5e3fce8b96298d927b1"}
,"/Users/nschweikhart/Desktop/SWENG861-Project/sweng861-ncaab-tenable/backend/routes/teams.js": {"path":"/Users/nschweikhart/Desktop/SWENG861-Project/sweng861-ncaab-tenable/backend/routes/teams.js","statementMap":{"0":{"start":{"line":3,"column":16},"end":{"line":3,"column":34}},"1":{"start":{"line":4,"column":15},"end":{"line":4,"column":32}},"2":{"start":{"line":5,"column":12},"end":{"line":5,"column":35}},"3":{"start":{"line":6,"column":15},"end":{"line":6,"column":31}},"4":{"start":{"line":8,"column":13},"end":{"line":8,"column":39}},"5":{"start":{"line":10,"column":0},"end":{"line":13,"column":3}},"6":{"start":{"line":11,"column":4},"end":{"line":11,"column":53}},"7":{"start":{"line":15,"column":0},"end":{"line":24,"column":2}},"8":{"start":{"line":16,"column":18},"end":{"line":16,"column":45}},"9":{"start":{"line":17,"column":4},"end":{"line":23,"column":5}},"10":{"start":{"line":18,"column":23},"end":{"line":18,"column":46}},"11":{"start":{"line":19,"column":8},"end":{"line":19,"column":30}},"12":{"start":{"line":21,"column":8},"end":{"line":21,"column":29}},"13":{"start":{"line":22,"column":8},"end":{"line":22,"column":60}},"14":{"start":{"line":26,"column":0},"end":{"line":26,"column":24}}},"fnMap":{"0":{"name":"(anonymous_0)","decl":{"start":{"line":10,"column":17},"end":{"line":10,"column":18}},"loc":{"start":{"line":10,"column":34},"end":{"line":13,"column":1}},"line":10},"1":{"name":"(anonymous_1)","decl":{"start":{"line":15,"column":24},"end":{"line":15,"column":25}},"loc":{"start":{"line":15,"column":44},"end":{"line":24,"column":1}},"line":15}},"branchMap":{},"s":{"0":3,"1":3,"2":3,"3":3,"4":3,"5":3,"6":0,"7":3,"8":2,"9":2,"10":2,"11":1,"12":1,"13":1,"14":3},"f":{"0":0,"1":2},"b":{},"_coverageSchema":"1a1c01bbd47fc00a2c39e90264f33305004495a9","hash":"a57f8fca7966945c58b45419a31662ea05f6548a"}
,"/Users/nschweikhart/Desktop/SWENG861-Project/sweng861-ncaab-tenable/backend/routes/users.js": {"path":"/Users/nschweikhart/Desktop/SWENG861-Project/sweng861-ncaab-tenable/backend/routes/users.js","statementMap":{"0":{"start":{"line":3,"column":16},"end":{"line":3,"column":34}},"1":{"start":{"line":4,"column":15},"end":{"line":4,"column":32}},"2":{"start":{"line":5,"column":12},"end":{"line":5,"column":35}},"3":{"start":{"line":6,"column":15},"end":{"line":6,"column":31}},"4":{"start":{"line":8,"column":13},"end":{"line":8,"column":39}},"5":{"start":{"line":10,"column":0},"end":{"line":34,"column":2}},"6":{"start":{"line":11,"column":38},"end":{"line":11,"column":46}},"7":{"start":{"line":13,"column":30},"end":{"line":13,"column":74}},"8":{"start":{"line":14,"column":28},"end":{"line":14,"column":161}},"9":{"start":{"line":16,"column":4},"end":{"line":33,"column":5}},"10":{"start":{"line":18,"column":29},"end":{"line":18,"column":73}},"11":{"start":{"line":20,"column":8},"end":{"line":22,"column":9}},"12":{"start":{"line":21,"column":12},"end":{"line":21,"column":78}},"13":{"start":{"line":25,"column":31},"end":{"line":25,"column":62}},"14":{"start":{"line":28,"column":24},"end":{"line":28,"column":88}},"15":{"start":{"line":29,"column":8},"end":{"line":29,"column":53}},"16":{"start":{"line":31,"column":8},"end":{"line":31,"column":56}},"17":{"start":{"line":32,"column":8},"end":{"line":32,"column":65}},"18":{"start":{"line":36,"column":0},"end":{"line":78,"column":2}},"19":{"start":{"line":37,"column":32},"end":{"line":37,"column":40}},"20":{"start":{"line":39,"column":35},"end":{"line":39,"column":79}},"21":{"start":{"line":41,"column":4},"end":{"line":77,"column":5}},"22":{"start":{"line":43,"column":29},"end":{"line":43,"column":78}},"23":{"start":{"line":45,"column":8},"end":{"line":47,"column":9}},"24":{"start":{"line":46,"column":12},"end":{"line":46,"column":57}},"25":{"start":{"line":50,"column":32},"end":{"line":50,"column":93}},"26":{"start":{"line":51,"column":8},"end":{"line":53,"column":9}},"27":{"start":{"line":52,"column":12},"end":{"line":52,"column":59}},"28":{"start":{"line":56,"column":28},"end":{"line":56,"column":114}},"29":{"start":{"line":57,"column":29},"end":{"line":57,"column":67}},"30":{"start":{"line":60,"column":22},"end":{"line":63,"column":55}},"31":{"start":{"line":66,"column":8},"end":{"line":71,"column":11}},"32":{"start":{"line":73,"column":8},"end":{"line":73,"column":46}},"33":{"start":{"line":75,"column":8},"end":{"line":75,"column":50}},"34":{"start":{"line":76,"column":8},"end":{"line":76,"column":65}},"35":{"start":{"line":80,"column":0},"end":{"line":80,"column":24}}},"fnMap":{"0":{"name":"(anonymous_0)","decl":{"start":{"line":10,"column":30},"end":{"line":10,"column":31}},"loc":{"start":{"line":10,"column":50},"end":{"line":34,"column":1}},"line":10},"1":{"name":"(anonymous_1)","decl":{"start":{"line":36,"column":22},"end":{"line":36,"column":23}},"loc":{"start":{"line":36,"column":42},"end":{"line":78,"column":1}},"line":36}},"branchMap":{"0":{"loc":{"start":{"line":20,"column":8},"end":{"line":22,"column":9}},"type":"if","locations":[{"start":{"line":20,"column":8},"end":{"line":22,"column":9}},{"start":{},"end":{}}],"line":20},"1":{"loc":{"start":{"line":45,"column":8},"end":{"line":47,"column":9}},"type":"if","locations":[{"start":{"line":45,"column":8},"end":{"line":47,"column":9}},{"start":{},"end":{}}],"line":45},"2":{"loc":{"start":{"line":51,"column":8},"end":{"line":53,"column":9}},"type":"if","locations":[{"start":{"line":51,"column":8},"end":{"line":53,"column":9}},{"start":{},"end":{}}],"line":51}},"s":{"0":3,"1":3,"2":3,"3":3,"4":3,"5":3,"6":2,"7":2,"8":2,"9":2,"10":2,"11":2,"12":1,"13":1,"14":1,"15":1,"16":0,"17":0,"18":3,"19":3,"20":3,"21":3,"22":3,"23":3,"24":1,"25":2,"26":2,"27":1,"28":1,"29":1,"30":1,"31":1,"32":1,"33":0,"34":0,"35":3},"f":{"0":2,"1":3},"b":{"0":[1,1],"1":[1,2],"2":[1,1]},"_coverageSchema":"1a1c01bbd47fc00a2c39e90264f33305004495a9","hash":"3038e9063baaad54893fbb582b54cd63efaeb44a"}
}
