TN:
SF:server.js
FN:23,(anonymous_0)
FNF:1
FNH:0
FNDA:0,(anonymous_0)
DA:3,3
DA:4,3
DA:5,3
DA:6,3
DA:7,3
DA:8,3
DA:10,3
DA:12,3
DA:13,3
DA:14,3
DA:16,3
DA:17,3
DA:18,3
DA:20,3
DA:22,3
DA:23,0
DA:24,0
DA:29,3
LF:18
LH:16
BRDA:20,0,0,3
BRDA:20,0,1,3
BRDA:22,1,0,0
BRDA:22,1,1,3
BRF:4
BRH:3
end_of_record
TN:
SF:routes/games.js
FN:10,(anonymous_0)
FN:15,(anonymous_1)
FN:43,(anonymous_2)
FN:71,(anonymous_3)
FN:83,(anonymous_4)
FN:93,(anonymous_5)
FN:107,(anonymous_6)
FNF:7
FNH:6
FNDA:0,(anonymous_0)
FNDA:2,(anonymous_1)
FNDA:1,(anonymous_2)
FNDA:1,(anonymous_3)
FNDA:1,(anonymous_4)
FNDA:1,(anonymous_5)
FNDA:1,(anonymous_6)
DA:3,3
DA:4,3
DA:5,3
DA:6,3
DA:8,3
DA:10,3
DA:11,0
DA:15,3
DA:16,2
DA:17,2
DA:18,2
DA:19,2
DA:22,2
DA:24,2
DA:25,2
DA:27,2
DA:28,1
DA:29,1
DA:30,1
DA:31,1
DA:33,1
DA:34,1
DA:35,1
DA:38,0
DA:39,0
DA:43,3
DA:44,1
DA:62,1
DA:63,1
DA:64,1
DA:66,0
DA:67,0
DA:71,3
DA:72,1
DA:73,1
DA:74,1
DA:75,1
DA:76,1
DA:78,0
DA:79,0
DA:83,3
DA:84,1
DA:85,1
DA:86,1
DA:87,1
DA:89,0
DA:93,3
DA:94,1
DA:95,1
DA:99,1
DA:100,1
DA:101,1
DA:103,0
DA:107,3
DA:108,1
DA:109,1
DA:113,1
DA:114,1
DA:115,1
DA:117,0
DA:121,3
LF:61
LH:51
BRDA:27,0,0,1
BRDA:27,0,1,1
BRF:2
BRH:2
end_of_record
TN:
SF:routes/teams.js
FN:10,(anonymous_0)
FN:15,(anonymous_1)
FNF:2
FNH:1
FNDA:0,(anonymous_0)
FNDA:2,(anonymous_1)
DA:3,3
DA:4,3
DA:5,3
DA:6,3
DA:8,3
DA:10,3
DA:11,0
DA:15,3
DA:16,2
DA:17,2
DA:18,2
DA:19,1
DA:21,1
DA:22,1
DA:26,3
LF:15
LH:14
BRF:0
BRH:0
end_of_record
TN:
SF:routes/users.js
FN:10,(anonymous_0)
FN:36,(anonymous_1)
FNF:2
FNH:2
FNDA:2,(anonymous_0)
FNDA:3,(anonymous_1)
DA:3,3
DA:4,3
DA:5,3
DA:6,3
DA:8,3
DA:10,3
DA:11,2
DA:13,2
DA:14,2
DA:16,2
DA:18,2
DA:20,2
DA:21,1
DA:25,1
DA:28,1
DA:29,1
DA:31,0
DA:32,0
DA:36,3
DA:37,3
DA:39,3
DA:41,3
DA:43,3
DA:45,3
DA:46,1
DA:50,2
DA:51,2
DA:52,1
DA:56,1
DA:57,1
DA:60,1
DA:66,1
DA:73,1
DA:75,0
DA:76,0
DA:80,3
LF:36
LH:32
BRDA:20,0,0,1
BRDA:20,0,1,1
BRDA:45,1,0,1
BRDA:45,1,1,2
BRDA:51,2,0,1
BRDA:51,2,1,1
BRF:6
BRH:6
end_of_record
